<?xml version="1.0" encoding="UTF-8"?>
<testsuite name="ee.customer_service.RequestCustomerByCustomerIdTest" tests="1" skipped="0" failures="0" errors="0" timestamp="2020-12-12T11:11:02" hostname="ANDOLE-L" time="2.595">
  <properties/>
  <testcase name="getCostumerByIdOK" classname="ee.customer_service.RequestCustomerByCustomerIdTest" time="2.595"/>
  <system-out><![CDATA[HTTP/1.1 200 
Content-Type: application/json
Transfer-Encoding: chunked
Date: Sat, 12 Dec 2020 11:11:04 GMT
Keep-Alive: timeout=60
Connection: keep-alive

{
    "firstName": "Epp",
    "lastName": "Lahme",
    "email": "epp.lahme@gmail.com",
    "marketingConsent": false
}
]]></system-out>
  <system-err><![CDATA[]]></system-err>
</testsuite>
