<?xml version="1.0" encoding="UTF-8"?>
<testsuite name="ee.customer_service.RequestCustomerByCustomerIdTest" tests="1" skipped="0" failures="0" errors="0" timestamp="2020-12-13T13:59:48" hostname="ANDOLE-L" time="1.701">
  <properties/>
  <testcase name="getCostumerByIdValidateResponseBody" classname="ee.customer_service.RequestCustomerByCustomerIdTest" time="1.701"/>
  <system-out><![CDATA[Request method:	GET
Request URI:	http://localhost:8080/customer/requestById/1
Proxy:			<none>
Request params:	<none>
Query params:	<none>
Form params:	<none>
Path params:	<none>
Headers:		Accept=*/*
Cookies:		<none>
Multiparts:		<none>
Body:			<none>
]]></system-out>
  <system-err><![CDATA[]]></system-err>
</testsuite>
